{
  "stats": {
    "suites": 1,
    "tests": 1,
    "passes": 0,
    "pending": 0,
    "failures": 1,
    "start": "2026-03-12T17:57:01.142Z",
    "end": "2026-03-12T17:57:05.684Z",
    "duration": 4542,
    "testsRegistered": 10,
    "passPercent": 0,
    "pendingPercent": 0,
    "other": 0,
    "hasOther": false,
    "skipped": 9,
    "hasSkipped": true
  },
  "results": [
    {
      "uuid": "4cb39445-71a1-4b68-9c07-9fd34fdd27c3",
      "title": "",
      "fullFile": "cypress\\e2e\\opsmonsters.cy.js",
      "file": "cypress\\e2e\\opsmonsters.cy.js",
      "beforeHooks": [],
      "afterHooks": [],
      "tests": [],
      "suites": [
        {
          "uuid": "cfc3debd-5844-478e-afe5-bfc091b192ee",
          "title": "Opsmonsters Website Full Automation Test",
          "fullFile": "",
          "file": "",
          "beforeHooks": [],
          "afterHooks": [],
          "tests": [
            {
              "title": "Header - Logo Visible",
              "fullTitle": "Opsmonsters Website Full Automation Test Header - Logo Visible",
              "timedOut": null,
              "duration": 4429,
              "state": "failed",
              "speed": null,
              "pass": false,
              "fail": true,
              "pending": false,
              "context": null,
              "code": "cy.get('header').should('be.visible');",
              "err": {
                "message": "Error: The following error originated from your application code, not from Cypress.\n\n  > Minified React error #418; visit https://react.dev/errors/418?args[]=HTML&args[]= for the full message or use the non-minified dev environment for full errors and additional helpful warnings.\n\nWhen Cypress detects uncaught errors originating from your application it will automatically fail the current test.\n\nThis behavior is configurable, and you can choose to turn this off by listening to the `uncaught:exception` event.\n\nhttps://on.cypress.io/uncaught-exception-from-application\n\nBecause this error occurred during a `before each` hook we are skipping the remaining tests in the current suite: `Opsmonsters Website Full Au...`",
                "estack": "Error: The following error originated from your application code, not from Cypress.\n\n  > Minified React error #418; visit https://react.dev/errors/418?args[]=HTML&args[]= for the full message or use the non-minified dev environment for full errors and additional helpful warnings.\n\nWhen Cypress detects uncaught errors originating from your application it will automatically fail the current test.\n\nThis behavior is configurable, and you can choose to turn this off by listening to the `uncaught:exception` event.\n\nhttps://on.cypress.io/uncaught-exception-from-application\n\nBecause this error occurred during a `before each` hook we are skipping the remaining tests in the current suite: `Opsmonsters Website Full Au...`\n    at rK (https://uat.opsmonsters.com/_next/static/chunks/aee6c7720838f8a2.js:1:46764)\n    at io (https://uat.opsmonsters.com/_next/static/chunks/aee6c7720838f8a2.js:1:97485)\n    at sc (https://uat.opsmonsters.com/_next/static/chunks/aee6c7720838f8a2.js:1:137956)\n    at <unknown> (https://uat.opsmonsters.com/_next/static/chunks/aee6c7720838f8a2.js:1:132846)\n    at u9 (https://uat.opsmonsters.com/_next/static/chunks/aee6c7720838f8a2.js:1:132947)\n    at sV (https://uat.opsmonsters.com/_next/static/chunks/aee6c7720838f8a2.js:1:159329)\n    at MessagePort.O (https://uat.opsmonsters.com/_next/static/chunks/aee6c7720838f8a2.js:1:8295)",
                "diff": null
              },
              "uuid": "0155ee94-40b0-40ea-873d-306c5668c3cc",
              "parentUUID": "cfc3debd-5844-478e-afe5-bfc091b192ee",
              "isHook": false,
              "skipped": false
            },
            {
              "title": "Header - Navigation Menu",
              "fullTitle": "Opsmonsters Website Full Automation Test Header - Navigation Menu",
              "timedOut": null,
              "duration": 0,
              "state": "skipped",
              "speed": null,
              "pass": false,
              "fail": false,
              "pending": false,
              "context": null,
              "code": "cy.contains('Home').should('be.visible');\ncy.contains('About').should('be.visible');\ncy.contains('Services').should('be.visible');\ncy.contains('Contact').should('be.visible');",
              "err": {},
              "uuid": "60324386-efa2-4e4b-bbc2-9147cadb7441",
              "parentUUID": "cfc3debd-5844-478e-afe5-bfc091b192ee",
              "isHook": false,
              "skipped": true
            },
            {
              "title": "Home Page - Banner Section",
              "fullTitle": "Opsmonsters Website Full Automation Test Home Page - Banner Section",
              "timedOut": null,
              "duration": 0,
              "state": "skipped",
              "speed": null,
              "pass": false,
              "fail": false,
              "pending": false,
              "context": null,
              "code": "cy.get('section').first().should('be.visible');",
              "err": {},
              "uuid": "33cf020f-2429-4bdf-b1cc-de5d2d167122",
              "parentUUID": "cfc3debd-5844-478e-afe5-bfc091b192ee",
              "isHook": false,
              "skipped": true
            },
            {
              "title": "Home Page - Scroll Check",
              "fullTitle": "Opsmonsters Website Full Automation Test Home Page - Scroll Check",
              "timedOut": null,
              "duration": 0,
              "state": "skipped",
              "speed": null,
              "pass": false,
              "fail": false,
              "pending": false,
              "context": null,
              "code": "cy.scrollTo('bottom');\ncy.scrollTo('top');",
              "err": {},
              "uuid": "b7640c46-4f9f-4531-9c85-38d8e8b0bcab",
              "parentUUID": "cfc3debd-5844-478e-afe5-bfc091b192ee",
              "isHook": false,
              "skipped": true
            },
            {
              "title": "About Page Navigation",
              "fullTitle": "Opsmonsters Website Full Automation Test About Page Navigation",
              "timedOut": null,
              "duration": 0,
              "state": "skipped",
              "speed": null,
              "pass": false,
              "fail": false,
              "pending": false,
              "context": null,
              "code": "cy.contains('About').click();\ncy.url().should('include', 'about');",
              "err": {},
              "uuid": "56aca64d-8209-4bfb-9dc7-a809850b4f2c",
              "parentUUID": "cfc3debd-5844-478e-afe5-bfc091b192ee",
              "isHook": false,
              "skipped": true
            },
            {
              "title": "Services Page Navigation",
              "fullTitle": "Opsmonsters Website Full Automation Test Services Page Navigation",
              "timedOut": null,
              "duration": 0,
              "state": "skipped",
              "speed": null,
              "pass": false,
              "fail": false,
              "pending": false,
              "context": null,
              "code": "cy.contains('Services').click();\ncy.url().should('include', 'services');",
              "err": {},
              "uuid": "c7bbb65a-fce4-4061-9f8b-1eb2385bf719",
              "parentUUID": "cfc3debd-5844-478e-afe5-bfc091b192ee",
              "isHook": false,
              "skipped": true
            },
            {
              "title": "Contact Page Navigation",
              "fullTitle": "Opsmonsters Website Full Automation Test Contact Page Navigation",
              "timedOut": null,
              "duration": 0,
              "state": "skipped",
              "speed": null,
              "pass": false,
              "fail": false,
              "pending": false,
              "context": null,
              "code": "cy.contains('Contact').click();\ncy.url().should('include', 'contact');",
              "err": {},
              "uuid": "bb92d7df-a1ff-4b5b-bf18-02af7644efb8",
              "parentUUID": "cfc3debd-5844-478e-afe5-bfc091b192ee",
              "isHook": false,
              "skipped": true
            },
            {
              "title": "Contact Form Submit",
              "fullTitle": "Opsmonsters Website Full Automation Test Contact Form Submit",
              "timedOut": null,
              "duration": 0,
              "state": "skipped",
              "speed": null,
              "pass": false,
              "fail": false,
              "pending": false,
              "context": null,
              "code": "cy.contains('Contact').click();\ncy.get('input[name=\"name\"]').type('Automation Test');\ncy.get('input[name=\"email\"]').type('test@gmail.com');\ncy.get('textarea').type('Testing Cypress automation');\ncy.contains('Submit').click();",
              "err": {},
              "uuid": "128ba1a3-cef7-4f06-bde6-1a2042b03931",
              "parentUUID": "cfc3debd-5844-478e-afe5-bfc091b192ee",
              "isHook": false,
              "skipped": true
            },
            {
              "title": "Footer Visibility",
              "fullTitle": "Opsmonsters Website Full Automation Test Footer Visibility",
              "timedOut": null,
              "duration": 0,
              "state": "skipped",
              "speed": null,
              "pass": false,
              "fail": false,
              "pending": false,
              "context": null,
              "code": "cy.get('footer').should('be.visible');",
              "err": {},
              "uuid": "5d47b34f-83d2-4a58-8947-61aa28ef2183",
              "parentUUID": "cfc3debd-5844-478e-afe5-bfc091b192ee",
              "isHook": false,
              "skipped": true
            },
            {
              "title": "Check Broken Links",
              "fullTitle": "Opsmonsters Website Full Automation Test Check Broken Links",
              "timedOut": null,
              "duration": 0,
              "state": "skipped",
              "speed": null,
              "pass": false,
              "fail": false,
              "pending": false,
              "context": null,
              "code": "cy.get('a').each($link => {\n  const url = $link.prop('href');\n  if (url) {\n    cy.request(url);\n  }\n});",
              "err": {},
              "uuid": "363bae88-fccb-4354-8793-c195ac88dbbe",
              "parentUUID": "cfc3debd-5844-478e-afe5-bfc091b192ee",
              "isHook": false,
              "skipped": true
            }
          ],
          "suites": [],
          "passes": [],
          "failures": [
            "0155ee94-40b0-40ea-873d-306c5668c3cc"
          ],
          "pending": [],
          "skipped": [
            "60324386-efa2-4e4b-bbc2-9147cadb7441",
            "33cf020f-2429-4bdf-b1cc-de5d2d167122",
            "b7640c46-4f9f-4531-9c85-38d8e8b0bcab",
            "56aca64d-8209-4bfb-9dc7-a809850b4f2c",
            "c7bbb65a-fce4-4061-9f8b-1eb2385bf719",
            "bb92d7df-a1ff-4b5b-bf18-02af7644efb8",
            "128ba1a3-cef7-4f06-bde6-1a2042b03931",
            "5d47b34f-83d2-4a58-8947-61aa28ef2183",
            "363bae88-fccb-4354-8793-c195ac88dbbe"
          ],
          "duration": 4429,
          "root": false,
          "rootEmpty": false,
          "_timeout": 2000
        }
      ],
      "passes": [],
      "failures": [],
      "pending": [],
      "skipped": [],
      "duration": 0,
      "root": true,
      "rootEmpty": true,
      "_timeout": 2000
    }
  ],
  "meta": {
    "mocha": {
      "version": "7.2.0"
    },
    "mochawesome": {
      "options": {
        "quiet": false,
        "reportFilename": "mochawesome",
        "saveHtml": true,
        "saveJson": true,
        "consoleReporter": "spec",
        "useInlineDiffs": false,
        "code": true
      },
      "version": "7.1.4"
    },
    "marge": {
      "options": {
        "reportDir": "cypress/reports",
        "overwrite": false,
        "html": true,
        "json": true
      },
      "version": "6.3.2"
    }
  }
}