{
  "stats": {
    "suites": 1,
    "tests": 10,
    "passes": 8,
    "pending": 0,
    "failures": 2,
    "start": "2026-03-12T18:08:10.901Z",
    "end": "2026-03-12T18:09:34.393Z",
    "duration": 83492,
    "testsRegistered": 10,
    "passPercent": 80,
    "pendingPercent": 0,
    "other": 0,
    "hasOther": false,
    "skipped": 0,
    "hasSkipped": false
  },
  "results": [
    {
      "uuid": "e0899857-7045-4c6c-b8af-7841aafb2f4d",
      "title": "",
      "fullFile": "cypress\\e2e\\opsmonsters.cy.js",
      "file": "cypress\\e2e\\opsmonsters.cy.js",
      "beforeHooks": [],
      "afterHooks": [],
      "tests": [],
      "suites": [
        {
          "uuid": "9a5fa491-1ffd-47c2-b7eb-fc7a6cf2641c",
          "title": "Opsmonsters Website Full Automation Test",
          "fullFile": "",
          "file": "",
          "beforeHooks": [],
          "afterHooks": [],
          "tests": [
            {
              "title": "Header - Logo Visible",
              "fullTitle": "Opsmonsters Website Full Automation Test Header - Logo Visible",
              "timedOut": null,
              "duration": 7347,
              "state": "passed",
              "speed": "medium",
              "pass": true,
              "fail": false,
              "pending": false,
              "context": null,
              "code": "cy.get('header').should('be.visible');",
              "err": {},
              "uuid": "d9d886aa-1f68-4f2f-88ef-7f7da6570d77",
              "parentUUID": "9a5fa491-1ffd-47c2-b7eb-fc7a6cf2641c",
              "isHook": false,
              "skipped": false
            },
            {
              "title": "Header - Navigation Menu",
              "fullTitle": "Opsmonsters Website Full Automation Test Header - Navigation Menu",
              "timedOut": null,
              "duration": 9239,
              "state": "failed",
              "speed": null,
              "pass": false,
              "fail": true,
              "pending": false,
              "context": null,
              "code": "cy.contains('Home').should('be.visible');\ncy.contains('About').should('be.visible');\ncy.contains('Services').should('be.visible');\ncy.contains('Contact').should('be.visible');",
              "err": {
                "message": "AssertionError: Timed out retrying after 4000ms: Expected to find content: 'Home' but never did.",
                "estack": "AssertionError: Timed out retrying after 4000ms: Expected to find content: 'Home' but never did.\n    at Context.eval (webpack:///./cypress/e2e/opsmonsters.cy.js:28:24)",
                "diff": null
              },
              "uuid": "55b90403-7693-46f3-b1da-0fb669028c4b",
              "parentUUID": "9a5fa491-1ffd-47c2-b7eb-fc7a6cf2641c",
              "isHook": false,
              "skipped": false
            },
            {
              "title": "Home Page - Banner Section",
              "fullTitle": "Opsmonsters Website Full Automation Test Home Page - Banner Section",
              "timedOut": null,
              "duration": 6284,
              "state": "passed",
              "speed": "medium",
              "pass": true,
              "fail": false,
              "pending": false,
              "context": null,
              "code": "cy.get('section').first().should('be.visible');",
              "err": {},
              "uuid": "d9e0ab19-40c3-4d90-9f74-987c81acd721",
              "parentUUID": "9a5fa491-1ffd-47c2-b7eb-fc7a6cf2641c",
              "isHook": false,
              "skipped": false
            },
            {
              "title": "Home Page - Scroll Check",
              "fullTitle": "Opsmonsters Website Full Automation Test Home Page - Scroll Check",
              "timedOut": null,
              "duration": 5582,
              "state": "passed",
              "speed": "medium",
              "pass": true,
              "fail": false,
              "pending": false,
              "context": null,
              "code": "cy.scrollTo('bottom');\ncy.scrollTo('top');",
              "err": {},
              "uuid": "666b6670-df1d-443f-8929-3405a780c4c3",
              "parentUUID": "9a5fa491-1ffd-47c2-b7eb-fc7a6cf2641c",
              "isHook": false,
              "skipped": false
            },
            {
              "title": "About Page Navigation",
              "fullTitle": "Opsmonsters Website Full Automation Test About Page Navigation",
              "timedOut": null,
              "duration": 6917,
              "state": "passed",
              "speed": "medium",
              "pass": true,
              "fail": false,
              "pending": false,
              "context": null,
              "code": "cy.contains('About').click({\n  force: true\n});\ncy.url().should('include', 'about');",
              "err": {},
              "uuid": "9a5d5056-bd69-45f3-9835-ddcafc9f2c74",
              "parentUUID": "9a5fa491-1ffd-47c2-b7eb-fc7a6cf2641c",
              "isHook": false,
              "skipped": false
            },
            {
              "title": "Services Page Navigation",
              "fullTitle": "Opsmonsters Website Full Automation Test Services Page Navigation",
              "timedOut": null,
              "duration": 8297,
              "state": "passed",
              "speed": "medium",
              "pass": true,
              "fail": false,
              "pending": false,
              "context": null,
              "code": "cy.contains('Services').click({\n  force: true\n});\ncy.url().should('include', 'services');",
              "err": {},
              "uuid": "5060b79a-8713-4d4f-a981-9c7880d6a5f5",
              "parentUUID": "9a5fa491-1ffd-47c2-b7eb-fc7a6cf2641c",
              "isHook": false,
              "skipped": false
            },
            {
              "title": "Contact Page Navigation",
              "fullTitle": "Opsmonsters Website Full Automation Test Contact Page Navigation",
              "timedOut": null,
              "duration": 9331,
              "state": "passed",
              "speed": "medium",
              "pass": true,
              "fail": false,
              "pending": false,
              "context": null,
              "code": "cy.contains('Contact').click({\n  force: true\n});\ncy.url().should('include', 'contact');",
              "err": {},
              "uuid": "b8bcb551-0eea-4209-8e19-f80c53b99801",
              "parentUUID": "9a5fa491-1ffd-47c2-b7eb-fc7a6cf2641c",
              "isHook": false,
              "skipped": false
            },
            {
              "title": "Contact Form Submit",
              "fullTitle": "Opsmonsters Website Full Automation Test Contact Form Submit",
              "timedOut": null,
              "duration": 10810,
              "state": "failed",
              "speed": null,
              "pass": false,
              "fail": true,
              "pending": false,
              "context": null,
              "code": "cy.contains('Contact').click({\n  force: true\n});\ncy.get('input[name=\"name\"]').type('Test User');\ncy.get('input[name=\"email\"]').type('testuser@gmail.com');\ncy.get('textarea').type('Automation testing message');\ncy.get('button[type=\"submit\"]').click({\n  force: true\n});",
              "err": {
                "message": "AssertionError: Timed out retrying after 4000ms: Expected to find element: `input[name=\"name\"]`, but never found it.",
                "estack": "AssertionError: Timed out retrying after 4000ms: Expected to find element: `input[name=\"name\"]`, but never found it.\n    at Context.eval (webpack:///./cypress/e2e/opsmonsters.cy.js:62:7)",
                "diff": null
              },
              "uuid": "38484d10-8912-4a18-90d6-3539c59cc3f1",
              "parentUUID": "9a5fa491-1ffd-47c2-b7eb-fc7a6cf2641c",
              "isHook": false,
              "skipped": false
            },
            {
              "title": "Footer Visibility",
              "fullTitle": "Opsmonsters Website Full Automation Test Footer Visibility",
              "timedOut": null,
              "duration": 6489,
              "state": "passed",
              "speed": "medium",
              "pass": true,
              "fail": false,
              "pending": false,
              "context": null,
              "code": "cy.get('footer').should('be.visible');",
              "err": {},
              "uuid": "7634033c-f11a-4b55-9e51-c884b18c1229",
              "parentUUID": "9a5fa491-1ffd-47c2-b7eb-fc7a6cf2641c",
              "isHook": false,
              "skipped": false
            },
            {
              "title": "Check Broken Links",
              "fullTitle": "Opsmonsters Website Full Automation Test Check Broken Links",
              "timedOut": null,
              "duration": 12025,
              "state": "passed",
              "speed": "slow",
              "pass": true,
              "fail": false,
              "pending": false,
              "context": null,
              "code": "cy.get('a').each($link => {\n  const href = $link.prop('href');\n  if (href && !href.startsWith('mailto:') && !href.startsWith('tel:')) {\n    cy.request({\n      url: href,\n      failOnStatusCode: false\n    });\n  }\n});",
              "err": {},
              "uuid": "97f407c2-a87e-47e6-a40f-c3a9453a645d",
              "parentUUID": "9a5fa491-1ffd-47c2-b7eb-fc7a6cf2641c",
              "isHook": false,
              "skipped": false
            }
          ],
          "suites": [],
          "passes": [
            "d9d886aa-1f68-4f2f-88ef-7f7da6570d77",
            "d9e0ab19-40c3-4d90-9f74-987c81acd721",
            "666b6670-df1d-443f-8929-3405a780c4c3",
            "9a5d5056-bd69-45f3-9835-ddcafc9f2c74",
            "5060b79a-8713-4d4f-a981-9c7880d6a5f5",
            "b8bcb551-0eea-4209-8e19-f80c53b99801",
            "7634033c-f11a-4b55-9e51-c884b18c1229",
            "97f407c2-a87e-47e6-a40f-c3a9453a645d"
          ],
          "failures": [
            "55b90403-7693-46f3-b1da-0fb669028c4b",
            "38484d10-8912-4a18-90d6-3539c59cc3f1"
          ],
          "pending": [],
          "skipped": [],
          "duration": 82321,
          "root": false,
          "rootEmpty": false,
          "_timeout": 2000
        }
      ],
      "passes": [],
      "failures": [],
      "pending": [],
      "skipped": [],
      "duration": 0,
      "root": true,
      "rootEmpty": true,
      "_timeout": 2000
    }
  ],
  "meta": {
    "mocha": {
      "version": "7.2.0"
    },
    "mochawesome": {
      "options": {
        "quiet": false,
        "reportFilename": "mochawesome",
        "saveHtml": true,
        "saveJson": true,
        "consoleReporter": "spec",
        "useInlineDiffs": false,
        "code": true
      },
      "version": "7.1.4"
    },
    "marge": {
      "options": {
        "reportDir": "cypress/reports",
        "overwrite": false,
        "html": true,
        "json": true
      },
      "version": "6.3.2"
    }
  }
}